<?xml version="1.0" encoding="UTF-8"?>
<!-- Generated by org.testng.reporters.JUnitXMLReporter -->
<testsuite ignored="0" hostname="DESKTOP-LBR430H" failures="0" tests="3" name="Default test" time="6.698" errors="0" timestamp="2024-05-10T11:40:10 IST">
  <testcase classname="JAVA.TestNGpgm2" name="@BeforeMethod verifyHomepageTitle" time="0.019">
    <failure type="java.lang.AssertionError" message="expected [Welcome:Mercury Tours] but found [Welcome: Mercury Tours]">
      <![CDATA[java.lang.AssertionError: expected [Welcome:Mercury Tours] but found [Welcome: Mercury Tours]
at org.testng.Assert.fail(Assert.java:99)
at org.testng.Assert.failNotEquals(Assert.java:1037)
at org.testng.Assert.assertEqualsImpl(Assert.java:140)
at org.testng.Assert.assertEquals(Assert.java:122)
at org.testng.Assert.assertEquals(Assert.java:629)
at org.testng.Assert.assertEquals(Assert.java:639)
at JAVA.TestNGpgm2.verifyHomepageTitle(TestNGpgm2.java:26)
at java.base/jdk.internal.reflect.DirectMethodHandleAccessor.invoke(DirectMethodHandleAccessor.java:104)
at java.base/java.lang.reflect.Method.invoke(Method.java:578)
at org.testng.internal.MethodInvocationHelper.invokeMethod(MethodInvocationHelper.java:133)
at org.testng.internal.MethodInvocationHelper.invokeMethodConsideringTimeout(MethodInvocationHelper.java:62)
at org.testng.internal.ConfigInvoker.invokeConfigurationMethod(ConfigInvoker.java:385)
at org.testng.internal.ConfigInvoker.invokeConfigurations(ConfigInvoker.java:321)
at org.testng.internal.TestInvoker.runConfigMethods(TestInvoker.java:700)
at org.testng.internal.TestInvoker.invokeMethod(TestInvoker.java:527)
at org.testng.internal.TestInvoker.invokeTestMethod(TestInvoker.java:173)
at org.testng.internal.MethodRunner.runInSequence(MethodRunner.java:46)
at org.testng.internal.TestInvoker$MethodInvocationAgent.invoke(TestInvoker.java:824)
at org.testng.internal.TestInvoker.invokeTestMethods(TestInvoker.java:146)
at org.testng.internal.TestMethodWorker.invokeTestMethods(TestMethodWorker.java:146)
at org.testng.internal.TestMethodWorker.run(TestMethodWorker.java:128)
at java.base/java.util.ArrayList.forEach(ArrayList.java:1511)
at org.testng.TestRunner.privateRun(TestRunner.java:794)
at org.testng.TestRunner.run(TestRunner.java:596)
at org.testng.SuiteRunner.runTest(SuiteRunner.java:377)
at org.testng.SuiteRunner.runSequentially(SuiteRunner.java:371)
at org.testng.SuiteRunner.privateRun(SuiteRunner.java:332)
at org.testng.SuiteRunner.run(SuiteRunner.java:276)
at org.testng.SuiteRunnerWorker.runSuite(SuiteRunnerWorker.java:53)
at org.testng.SuiteRunnerWorker.run(SuiteRunnerWorker.java:96)
at org.testng.TestNG.runSuitesSequentially(TestNG.java:1212)
at org.testng.TestNG.runSuitesLocally(TestNG.java:1134)
at org.testng.TestNG.runSuites(TestNG.java:1063)
at org.testng.TestNG.run(TestNG.java:1031)
at org.testng.remote.AbstractRemoteTestNG.run(AbstractRemoteTestNG.java:115)
at org.testng.remote.RemoteTestNG.initAndRun(RemoteTestNG.java:251)
at org.testng.remote.RemoteTestNG.main(RemoteTestNG.java:77)
]]>
    </failure>
  </testcase> <!-- @BeforeMethod verifyHomepageTitle -->
  <testcase classname="JAVA.TestNGpgm2" name="@AfterMethod goBackToHomepage" time="-1.715321410229E9">
    <skipped/>
  </testcase> <!-- @AfterMethod goBackToHomepage -->
  <testcase classname="JAVA.TestNGpgm2" name="@BeforeMethod verifyHomepageTitle" time="-1.715321410248E9">
    <skipped/>
  </testcase> <!-- @BeforeMethod verifyHomepageTitle -->
  <testcase classname="JAVA.TestNGpgm2" name="@AfterMethod goBackToHomepage" time="-1.715321410337E9">
    <skipped/>
  </testcase> <!-- @AfterMethod goBackToHomepage -->
  <testcase classname="JAVA.TestNGpgm2" name="@BeforeMethod verifyHomepageTitle" time="-1.715321410355E9">
    <skipped/>
  </testcase> <!-- @BeforeMethod verifyHomepageTitle -->
  <testcase classname="JAVA.TestNGpgm2" name="@AfterMethod goBackToHomepage" time="-1.715321410385E9">
    <skipped/>
  </testcase> <!-- @AfterMethod goBackToHomepage -->
  <testcase classname="JAVA.TestNGpgm2" name="@AfterTest terminateBroowser" time="-1.715321410399E9">
    <skipped/>
  </testcase> <!-- @AfterTest terminateBroowser -->
  <testcase classname="JAVA.TestNGpgm2" name="f" time="0.0">
    <skipped/>
  </testcase> <!-- f -->
  <testcase classname="JAVA.TestNGpgm2" name="register" time="0.0">
    <skipped/>
  </testcase> <!-- register -->
  <testcase classname="JAVA.TestNGpgm2" name="support" time="0.0">
    <skipped/>
  </testcase> <!-- support -->
</testsuite> <!-- Default test -->
